###############################################################################
#
# IAR C/C++ Compiler V9.20.1.2476 for 8051                02/May/2017  13:55:35
# Copyright 2004-2015 IAR Systems AB.
# Standalone license - IAR Embedded Workbench for 8051
#
#    Core               =  plain
#    Code model         =  banked
#    Data model         =  large
#    Calling convention =  xdata reentrant
#    Constant location  =  data_rom
#    Dptr setup         =  1,16
#                          
#    Source file        =  
#        F:\3_Jin_testCode\ZStack-CC2530-2.3.0-1.4.0地锁\ZStack-CC2530-2.3.0-1.4.0地锁\Components\hal\target\CC2530EB\hal_uart.c
#    Command line       =  
#        -f
#        F:\3_Jin_testCode\ZStack-CC2530-2.3.0-1.4.0地锁\ZStack-CC2530-2.3.0-1.4.0地锁\Projects\zstack\Samples\SampleApp\CC2530DB\..\..\..\Tools\CC2530DB\f8wRouter.cfg
#        (-DCPU32MHZ -DROOT=__near_func -DMAC_CFG_APP_PENDING_QUEUE=TRUE
#        -DRTR_NWK -DBLINK_LEDS) -f
#        F:\3_Jin_testCode\ZStack-CC2530-2.3.0-1.4.0地锁\ZStack-CC2530-2.3.0-1.4.0地锁\Projects\zstack\Samples\SampleApp\CC2530DB\..\..\..\Tools\CC2530DB\f8wConfig.cfg
#        (-DSECURE=0 -DZG_SECURE_DYNAMIC=0 -DREFLECTOR
#        -DDEFAULT_CHANLIST=0x00000800 -DZDAPP_CONFIG_PAN_ID=0xFFFF
#        -DNWK_START_DELAY=100 -DEXTENDED_JOINING_RANDOM_MASK=0x007F
#        -DBEACON_REQUEST_DELAY=100 -DBEACON_REQ_DELAY_MASK=0x00FF
#        -DROUTE_EXPIRY_TIME=30 -DAPSC_ACK_WAIT_DURATION_POLLED=3000
#        -DNWK_INDIRECT_MSG_TIMEOUT=7 -DMAX_RREQ_ENTRIES=8
#        -DAPSC_MAX_FRAME_RETRIES=3 -DNWK_MAX_DATA_RETRIES=2
#        -DMAX_POLL_FAILURE_RETRIES=2 -DMAX_BCAST=9 -DAPS_MAX_GROUPS=16
#        -DMAX_RTG_ENTRIES=40 -DNWK_MAX_BINDING_ENTRIES=4
#        -DMAX_BINDING_CLUSTER_IDS=4 "-DDEFAULT_KEY={0x01, 0x03, 0x05, 0x07,
#        0x09, 0x0B, 0x0D, 0x0F, 0x00, 0x02, 0x04, 0x06, 0x08, 0x0A, 0x0C,
#        0x0D}" -DMAC_MAX_FRAME_SIZE=116 "-DCONST=const __code"
#        -DGENERIC=__generic -DRFD_RCVC_ALWAYS_ON=FALSE -DPOLL_RATE=1000
#        -DQUEUED_POLL_RATE=100 -DRESPONSE_POLL_RATE=100)
#        -DREJOIN_POLL_RATE=440
#        F:\3_Jin_testCode\ZStack-CC2530-2.3.0-1.4.0地锁\ZStack-CC2530-2.3.0-1.4.0地锁\Components\hal\target\CC2530EB\hal_uart.c
#        -D ZTOOL_P1 -D MT_TASK -D MT_SYS_FUNC -D MT_ZDO_FUNC -D
#        LCD_SUPPORTED=DEBUG -lC
#        F:\3_Jin_testCode\ZStack-CC2530-2.3.0-1.4.0地锁\ZStack-CC2530-2.3.0-1.4.0地锁\Projects\zstack\Samples\SampleApp\CC2530DB\RouterEB\List\
#        -lA
#        F:\3_Jin_testCode\ZStack-CC2530-2.3.0-1.4.0地锁\ZStack-CC2530-2.3.0-1.4.0地锁\Projects\zstack\Samples\SampleApp\CC2530DB\RouterEB\List\
#        --diag_suppress Pe001,Pa010 -o
#        F:\3_Jin_testCode\ZStack-CC2530-2.3.0-1.4.0地锁\ZStack-CC2530-2.3.0-1.4.0地锁\Projects\zstack\Samples\SampleApp\CC2530DB\RouterEB\Obj\
#        -e --debug --core=plain --dptr=16,1 --data_model=large
#        --code_model=banked --calling_convention=xdata_reentrant
#        --place_constants=data_rom --nr_virtual_regs 8 -I
#        F:\3_Jin_testCode\ZStack-CC2530-2.3.0-1.4.0地锁\ZStack-CC2530-2.3.0-1.4.0地锁\Projects\zstack\Samples\SampleApp\CC2530DB\
#        -I
#        F:\3_Jin_testCode\ZStack-CC2530-2.3.0-1.4.0地锁\ZStack-CC2530-2.3.0-1.4.0地锁\Projects\zstack\Samples\SampleApp\CC2530DB\..\SOURCE\
#        -I
#        F:\3_Jin_testCode\ZStack-CC2530-2.3.0-1.4.0地锁\ZStack-CC2530-2.3.0-1.4.0地锁\Projects\zstack\Samples\SampleApp\CC2530DB\..\..\..\ZMAIN\TI2530DB\
#        -I
#        F:\3_Jin_testCode\ZStack-CC2530-2.3.0-1.4.0地锁\ZStack-CC2530-2.3.0-1.4.0地锁\Projects\zstack\Samples\SampleApp\CC2530DB\..\..\..\..\..\COMPONENTS\MT\
#        -I
#        F:\3_Jin_testCode\ZStack-CC2530-2.3.0-1.4.0地锁\ZStack-CC2530-2.3.0-1.4.0地锁\Projects\zstack\Samples\SampleApp\CC2530DB\..\..\..\..\..\COMPONENTS\HAL\INCLUDE\
#        -I
#        F:\3_Jin_testCode\ZStack-CC2530-2.3.0-1.4.0地锁\ZStack-CC2530-2.3.0-1.4.0地锁\Projects\zstack\Samples\SampleApp\CC2530DB\..\..\..\..\..\COMPONENTS\HAL\TARGET\CC2530EB\
#        -I
#        F:\3_Jin_testCode\ZStack-CC2530-2.3.0-1.4.0地锁\ZStack-CC2530-2.3.0-1.4.0地锁\Projects\zstack\Samples\SampleApp\CC2530DB\..\..\..\..\..\COMPONENTS\OSAL\MCU\CCSOC\
#        -I
#        F:\3_Jin_testCode\ZStack-CC2530-2.3.0-1.4.0地锁\ZStack-CC2530-2.3.0-1.4.0地锁\Projects\zstack\Samples\SampleApp\CC2530DB\..\..\..\..\..\COMPONENTS\OSAL\INCLUDE\
#        -I
#        F:\3_Jin_testCode\ZStack-CC2530-2.3.0-1.4.0地锁\ZStack-CC2530-2.3.0-1.4.0地锁\Projects\zstack\Samples\SampleApp\CC2530DB\..\..\..\..\..\COMPONENTS\STACK\AF\
#        -I
#        F:\3_Jin_testCode\ZStack-CC2530-2.3.0-1.4.0地锁\ZStack-CC2530-2.3.0-1.4.0地锁\Projects\zstack\Samples\SampleApp\CC2530DB\..\..\..\..\..\COMPONENTS\STACK\NWK\
#        -I
#        F:\3_Jin_testCode\ZStack-CC2530-2.3.0-1.4.0地锁\ZStack-CC2530-2.3.0-1.4.0地锁\Projects\zstack\Samples\SampleApp\CC2530DB\..\..\..\..\..\COMPONENTS\STACK\SEC\
#        -I
#        F:\3_Jin_testCode\ZStack-CC2530-2.3.0-1.4.0地锁\ZStack-CC2530-2.3.0-1.4.0地锁\Projects\zstack\Samples\SampleApp\CC2530DB\..\..\..\..\..\COMPONENTS\STACK\SAPI\
#        -I
#        F:\3_Jin_testCode\ZStack-CC2530-2.3.0-1.4.0地锁\ZStack-CC2530-2.3.0-1.4.0地锁\Projects\zstack\Samples\SampleApp\CC2530DB\..\..\..\..\..\COMPONENTS\STACK\SYS\
#        -I
#        F:\3_Jin_testCode\ZStack-CC2530-2.3.0-1.4.0地锁\ZStack-CC2530-2.3.0-1.4.0地锁\Projects\zstack\Samples\SampleApp\CC2530DB\..\..\..\..\..\COMPONENTS\STACK\ZDO\
#        -I
#        F:\3_Jin_testCode\ZStack-CC2530-2.3.0-1.4.0地锁\ZStack-CC2530-2.3.0-1.4.0地锁\Projects\zstack\Samples\SampleApp\CC2530DB\..\..\..\..\..\COMPONENTS\ZMAC\F8W\
#        -I
#        F:\3_Jin_testCode\ZStack-CC2530-2.3.0-1.4.0地锁\ZStack-CC2530-2.3.0-1.4.0地锁\Projects\zstack\Samples\SampleApp\CC2530DB\..\..\..\..\..\COMPONENTS\ZMAC\
#        -I
#        F:\3_Jin_testCode\ZStack-CC2530-2.3.0-1.4.0地锁\ZStack-CC2530-2.3.0-1.4.0地锁\Projects\zstack\Samples\SampleApp\CC2530DB\..\..\..\..\..\COMPONENTS\SERVICES\SADDR\
#        -I
#        F:\3_Jin_testCode\ZStack-CC2530-2.3.0-1.4.0地锁\ZStack-CC2530-2.3.0-1.4.0地锁\Projects\zstack\Samples\SampleApp\CC2530DB\..\..\..\..\..\COMPONENTS\SERVICES\SDATA\
#        -I
#        F:\3_Jin_testCode\ZStack-CC2530-2.3.0-1.4.0地锁\ZStack-CC2530-2.3.0-1.4.0地锁\Projects\zstack\Samples\SampleApp\CC2530DB\..\..\..\..\..\COMPONENTS\MAC\INCLUDE\
#        -I
#        F:\3_Jin_testCode\ZStack-CC2530-2.3.0-1.4.0地锁\ZStack-CC2530-2.3.0-1.4.0地锁\Projects\zstack\Samples\SampleApp\CC2530DB\..\..\..\..\..\COMPONENTS\MAC\HIGH_LEVEL\
#        -I
#        F:\3_Jin_testCode\ZStack-CC2530-2.3.0-1.4.0地锁\ZStack-CC2530-2.3.0-1.4.0地锁\Projects\zstack\Samples\SampleApp\CC2530DB\..\..\..\..\..\COMPONENTS\MAC\LOW_LEVEL\srf04\
#        -I
#        F:\3_Jin_testCode\ZStack-CC2530-2.3.0-1.4.0地锁\ZStack-CC2530-2.3.0-1.4.0地锁\Projects\zstack\Samples\SampleApp\CC2530DB\..\..\..\..\..\COMPONENTS\MAC\LOW_LEVEL\srf04\SINGLE_CHIP\
#        -Ohz --require_prototypes
#    List file          =  
#        F:\3_Jin_testCode\ZStack-CC2530-2.3.0-1.4.0地锁\ZStack-CC2530-2.3.0-1.4.0地锁\Projects\zstack\Samples\SampleApp\CC2530DB\RouterEB\List\hal_uart.lst
#    Object file        =  
#        F:\3_Jin_testCode\ZStack-CC2530-2.3.0-1.4.0地锁\ZStack-CC2530-2.3.0-1.4.0地锁\Projects\zstack\Samples\SampleApp\CC2530DB\RouterEB\Obj\hal_uart.r51
#
###############################################################################

F:\3_Jin_testCode\ZStack-CC2530-2.3.0-1.4.0地锁\ZStack-CC2530-2.3.0-1.4.0地锁\Components\hal\target\CC2530EB\hal_uart.c
      1          /**************************************************************************************************
      2            Filename:       _hal_uart.c
      3            Revised:        $Date: 2009-06-12 09:16:43 -0700 (Fri, 12 Jun 2009) $
      4            Revision:       $Revision: 20142 $
      5          
      6            Description: This file contains the interface to the H/W UART driver.
      7          
      8          
      9            Copyright 2006-2009 Texas Instruments Incorporated. All rights reserved.
     10          
     11            IMPORTANT: Your use of this Software is limited to those specific rights
     12            granted under the terms of a software license agreement between the user
     13            who downloaded the software, his/her employer (which must be your employer)
     14            and Texas Instruments Incorporated (the "License").  You may not use this
     15            Software unless you agree to abide by the terms of the License. The License
     16            limits your use, and you acknowledge, that the Software may not be modified,
     17            copied or distributed unless embedded on a Texas Instruments microcontroller
     18            or used solely and exclusively in conjunction with a Texas Instruments radio
     19            frequency transceiver, which is integrated into your product.  Other than for
     20            the foregoing purpose, you may not use, reproduce, copy, prepare derivative
     21            works of, modify, distribute, perform, display or sell this Software and/or
     22            its documentation for any purpose.
     23          
     24            YOU FURTHER ACKNOWLEDGE AND AGREE THAT THE SOFTWARE AND DOCUMENTATION ARE
     25            PROVIDED AS IS?WITHOUT WARRANTY OF ANY KIND, EITHER EXPRESS OR IMPLIED,
     26            INCLUDING WITHOUT LIMITATION, ANY WARRANTY OF MERCHANTABILITY, TITLE,
     27            NON-INFRINGEMENT AND FITNESS FOR A PARTICULAR PURPOSE. IN NO EVENT SHALL
     28            TEXAS INSTRUMENTS OR ITS LICENSORS BE LIABLE OR OBLIGATED UNDER CONTRACT,
     29            NEGLIGENCE, STRICT LIABILITY, CONTRIBUTION, BREACH OF WARRANTY, OR OTHER
     30            LEGAL EQUITABLE THEORY ANY DIRECT OR INDIRECT DAMAGES OR EXPENSES
     31            INCLUDING BUT NOT LIMITED TO ANY INCIDENTAL, SPECIAL, INDIRECT, PUNITIVE
     32            OR CONSEQUENTIAL DAMAGES, LOST PROFITS OR LOST DATA, COST OF PROCUREMENT
     33            OF SUBSTITUTE GOODS, TECHNOLOGY, SERVICES, OR ANY CLAIMS BY THIRD PARTIES
     34            (INCLUDING BUT NOT LIMITED TO ANY DEFENSE THEREOF), OR OTHER SIMILAR COSTS.
     35          
     36            Should you have any questions regarding your right to use this Software,
     37            contact Texas Instruments Incorporated at www.TI.com.
     38          **************************************************************************************************/
     39          
     40          /*********************************************************************
     41           * INCLUDES
     42           */
     43          
     44          #include "hal_board_cfg.h"

   \                                 In  segment SFR_AN, at 0x80
   \   union <unnamed> volatile __sfr _A_P0
   \                     _A_P0:
   \   000000                DS 1

   \                                 In  segment SFR_AN, at 0x86
   \   unsigned char volatile __sfr U0CSR
   \                     U0CSR:
   \   000000                DS 1

   \                                 In  segment SFR_AN, at 0x95
   \   unsigned char volatile __sfr ST0
   \                     ST0:
   \   000000                DS 1

   \                                 In  segment SFR_AN, at 0xa8
   \   union <unnamed> volatile __sfr _A_IEN0
   \                     _A_IEN0:
   \   000000                DS 1

   \                                 In  segment SFR_AN, at 0xc2
   \   unsigned char volatile __sfr U0BAUD
   \                     U0BAUD:
   \   000000                DS 1

   \                                 In  segment SFR_AN, at 0xc4
   \   unsigned char volatile __sfr U0UCR
   \                     U0UCR:
   \   000000                DS 1

   \                                 In  segment SFR_AN, at 0xc5
   \   unsigned char volatile __sfr U0GCR
   \                     U0GCR:
   \   000000                DS 1

   \                                 In  segment SFR_AN, at 0xd1
   \   unsigned char volatile __sfr DMAIRQ
   \                     DMAIRQ:
   \   000000                DS 1

   \                                 In  segment SFR_AN, at 0xd6
   \   unsigned char volatile __sfr DMAARM
   \                     DMAARM:
   \   000000                DS 1

   \                                 In  segment SFR_AN, at 0xd7
   \   unsigned char volatile __sfr DMAREQ
   \                     DMAREQ:
   \   000000                DS 1

   \                                 In  segment SFR_AN, at 0xf1
   \   unsigned char volatile __sfr PERCFG
   \                     PERCFG:
   \   000000                DS 1

   \                                 In  segment SFR_AN, at 0xf2
   \   unsigned char volatile __sfr ADCCFG
   \                     ADCCFG:
   \   000000                DS 1

   \                                 In  segment SFR_AN, at 0xf3
   \   unsigned char volatile __sfr P0SEL
   \                     P0SEL:
   \   000000                DS 1

   \                                 In  segment SFR_AN, at 0xfd
   \   unsigned char volatile __sfr P0DIR
   \                     P0DIR:
   \   000000                DS 1

   \                                 In  segment SFR_AN, at 0xff
   \   unsigned char volatile __sfr P2DIR
   \                     P2DIR:
   \   000000                DS 1
     45          #include "hal_defs.h"
     46          #include "hal_types.h"
     47          #include "hal_uart.h"
     48          
     49          /*********************************************************************
     50           * MACROS
     51           */
     52          
     53          /*********************************************************************
     54           * TYPEDEFS
     55           */
     56          
     57          /*********************************************************************
     58           * CONSTANTS
     59           */
     60          
     61          /*********************************************************************
     62           * GLOBAL VARIABLES
     63           */
     64          
     65          /*********************************************************************
     66           * GLOBAL FUNCTIONS
     67           */
     68          
     69          /*********************************************************************
     70           * LOCAL VARIABLES
     71           */
     72          
     73          /*********************************************************************
     74           * LOCAL FUNCTIONS
     75           */
     76          
     77          #if HAL_UART_DMA
     78          #include "_hal_uart_dma.c"

   \                                 In  segment XDATA_Z, align 1, keep-with-next
   \   static uartDMACfg_t dmaCfg
   \                     dmaCfg:
   \   000000                DS 526
   \   00020E                REQUIRE __INIT_XDATA_Z

   \                                 In  segment BANKED_CODE, align 1, keep-with-next
   \   static __banked_func __xdata_reentrant void HalUARTInitDMA(void)
   \                     HalUARTInitDMA:
   \   000000   C082         PUSH    DPL
   \   000002   C083         PUSH    DPH
   \   000004                ; Saved register size: 2
   \   000004                ; Auto size: 0
   \   000004   53FF3F       ANL     0xff,#0x3f
   \   000007   85FFFF       MOV     0xff,0xff
   \   00000A   53F1FE       ANL     0xf1,#0xfe
   \   00000D   43F30C       ORL     0xf3,#0xc
   \   000010   53F2F3       ANL     0xf2,#0xf3
   \   000013   758680       MOV     0x86,#-0x80
   \   000016   75C480       MOV     0xc4,#-0x80
   \   000019   90....       MOV     DPTR,#dmaCh1234 + 26
   \   00001C   7470         MOV     A,#0x70
   \   00001E   F0           MOVX    @DPTR,A
   \   00001F   A3           INC     DPTR
   \   000020   74C1         MOV     A,#-0x3f
   \   000022   F0           MOVX    @DPTR,A
   \   000023   A3           INC     DPTR
   \   000024   E0           MOVX    A,@DPTR
   \   000025   541F         ANL     A,#0x1f
   \   000027   F0           MOVX    @DPTR,A
   \   000028   90....       MOV     DPTR,#dmaCh1234 + 30
   \   00002B   740F         MOV     A,#0xf
   \   00002D   F0           MOVX    @DPTR,A
   \   00002E   A3           INC     DPTR
   \   00002F   744A         MOV     A,#0x4a
   \   000031   F0           MOVX    @DPTR,A
   \   000032   90....       MOV     DPTR,#dmaCh1234 + 16
   \   000035   7470         MOV     A,#0x70
   \   000037   F0           MOVX    @DPTR,A
   \   000038   A3           INC     DPTR
   \   000039   74C1         MOV     A,#-0x3f
   \   00003B   F0           MOVX    @DPTR,A
   \   00003C   90....       MOV     DPTR,#dmaCh1234 + 20
   \   00003F   E0           MOVX    A,@DPTR
   \   000040   541F         ANL     A,#0x1f
   \   000042   F0           MOVX    @DPTR,A
   \   000043   90....       MOV     DPTR,#dmaCh1234 + 22
   \   000046   74CE         MOV     A,#-0x32
   \   000048   F0           MOVX    @DPTR,A
   \   000049   A3           INC     DPTR
   \   00004A   E0           MOVX    A,@DPTR
   \   00004B   540F         ANL     A,#0xf
   \   00004D   F0           MOVX    @DPTR,A
   \   00004E   4410         ORL     A,#0x10
   \   000050   F0           MOVX    @DPTR,A

    HAL_DMA_SET_DEST( ch, dmaCfg.rxBuf );
    ^
"F:\3_Jin_testCode\ZStack-CC2530-2.3.0-1.4.0伴\ZStack-CC2530-2.3.0-1.4.0伴\Components\hal\target\CC2530EB\_hal_uart_dma.c",378  Warning[Pe069]: 
          integer conversion resulted in truncation
   \   000051   74..         MOV     A,#(dmaCfg >> 8) & 0xff
   \   000053   90....       MOV     DPTR,#dmaCh1234 + 18
   \   000056   F0           MOVX    @DPTR,A
   \   000057   A3           INC     DPTR
   \   000058   74..         MOV     A,#dmaCfg & 0xff
   \   00005A   F0           MOVX    @DPTR,A
   \   00005B   90....       MOV     DPTR,#dmaCh1234 + 21
   \   00005E   7480         MOV     A,#-0x80
   \   000060   F0           MOVX    @DPTR,A
   \   000061   90....       MOV     DPTR,#dmaCh1234 + 20
   \   000064   E4           CLR     A
   \   000065   F0           MOVX    @DPTR,A
   \   000066   90....       MOV     DPTR,#dmaCh1234 + 23
   \   000069   7412         MOV     A,#0x12
   \   00006B   02....       LJMP    ?Subroutine0 & 0xFFFF
   \   00006E                REQUIRE P2DIR
   \   00006E                REQUIRE PERCFG
   \   00006E                REQUIRE P0SEL
   \   00006E                REQUIRE ADCCFG
   \   00006E                REQUIRE U0CSR
   \   00006E                REQUIRE U0UCR

   \                                 In  segment BANKED_CODE, align 1, keep-with-next
   \                     ?Subroutine0:
   \   000000   F0           MOVX    @DPTR,A
   \   000001                REQUIRE ??Subroutine15_0
   \   000001                ; // Fall through to label ??Subroutine15_0

   \                                 In  segment BANKED_CODE, align 1, keep-with-next
   \                     ??Subroutine15_0:
   \   000000   D083         POP     DPH
   \   000002   D082         POP     DPL
   \   000004   02....       LJMP    ?BRET

   \                                 In  segment BANKED_CODE, align 1, keep-with-next
   \   static __banked_func __xdata_reentrant void HalUARTOpenDMA(halUARTCfg_t *)
   \                     HalUARTOpenDMA:
   \   000000   C082         PUSH    DPL
   \   000002   C083         PUSH    DPH
   \   000004                ; Saved register size: 2
   \   000004                ; Auto size: 0
   \   000004   EA           MOV     A,R2
   \   000005   241B         ADD     A,#0x1b
   \   000007   F582         MOV     DPL,A
   \   000009   E4           CLR     A
   \   00000A   3B           ADDC    A,R3
   \   00000B   F583         MOV     DPH,A
   \   00000D   E0           MOVX    A,@DPTR
   \   00000E   F8           MOV     R0,A
   \   00000F   A3           INC     DPTR
   \   000010   E0           MOVX    A,@DPTR
   \   000011   F9           MOV     R1,A
   \   000012   90....       MOV     DPTR,#dmaCfg + 524
   \   000015   E8           MOV     A,R0
   \   000016   F0           MOVX    @DPTR,A
   \   000017   A3           INC     DPTR
   \   000018   E9           MOV     A,R1
   \   000019   F0           MOVX    @DPTR,A
   \   00001A   8A82         MOV     DPL,R2
   \   00001C   8B83         MOV     DPH,R3
   \   00001E   A3           INC     DPTR
   \   00001F   E0           MOVX    A,@DPTR
   \   000020   F8           MOV     R0,A
   \   000021   7403         MOV     A,#0x3
   \   000023   68           XRL     A,R0
   \   000024   6005         JZ      ??HalUARTOpenDMA_0
   \   000026   7404         MOV     A,#0x4
   \   000028   68           XRL     A,R0
   \   000029   7005         JNZ     ??HalUARTOpenDMA_1
   \                     ??HalUARTOpenDMA_0:
   \   00002B   75C2D8       MOV     0xc2,#-0x28
   \   00002E   8003         SJMP    ??HalUARTOpenDMA_2
   \                     ??HalUARTOpenDMA_1:
   \   000030   75C23B       MOV     0xc2,#0x3b
   \                     ??HalUARTOpenDMA_2:
   \   000033   E0           MOVX    A,@DPTR
   \   000034   600B         JZ      ??HalUARTOpenDMA_3
   \   000036   14           DEC     A
   \   000037   6012         JZ      ??HalUARTOpenDMA_4
   \   000039   14           DEC     A
   \   00003A   6019         JZ      ??HalUARTOpenDMA_5
   \   00003C   14           DEC     A
   \   00003D   6020         JZ      ??HalUARTOpenDMA_6
   \   00003F   8028         SJMP    ??HalUARTOpenDMA_7
   \                     ??HalUARTOpenDMA_3:
   \   000041   75C508       MOV     0xc5,#0x8
   \   000044   90....       MOV     DPTR,#dmaCfg + 520
   \   000047   7423         MOV     A,#0x23
   \   000049   8026         SJMP    ??HalUARTOpenDMA_8
   \                     ??HalUARTOpenDMA_4:
   \   00004B   75C509       MOV     0xc5,#0x9
   \   00004E   90....       MOV     DPTR,#dmaCfg + 520
   \   000051   7412         MOV     A,#0x12
   \   000053   801C         SJMP    ??HalUARTOpenDMA_8
   \                     ??HalUARTOpenDMA_5:
   \   000055   75C50A       MOV     0xc5,#0xa
   \   000058   90....       MOV     DPTR,#dmaCfg + 520
   \   00005B   7409         MOV     A,#0x9
   \   00005D   8012         SJMP    ??HalUARTOpenDMA_8
   \                     ??HalUARTOpenDMA_6:
   \   00005F   75C50A       MOV     0xc5,#0xa
   \   000062   90....       MOV     DPTR,#dmaCfg + 520
   \   000065   7406         MOV     A,#0x6
   \   000067   8008         SJMP    ??HalUARTOpenDMA_8
   \                     ??HalUARTOpenDMA_7:
   \   000069   75C50B       MOV     0xc5,#0xb
   \   00006C   90....       MOV     DPTR,#dmaCfg + 520
   \   00006F   7403         MOV     A,#0x3
   \                     ??HalUARTOpenDMA_8:
   \   000071   F0           MOVX    @DPTR,A
   \   000072   8A82         MOV     DPL,R2
   \   000074   8B83         MOV     DPH,R3
   \   000076   A3           INC     DPTR
   \   000077   A3           INC     DPTR
   \   000078   E0           MOVX    A,@DPTR
   \   000079   600D         JZ      ??HalUARTOpenDMA_9
   \   00007B   75C442       MOV     0xc4,#0x42
   \   00007E   43F310       ORL     0xf3,#0x10
   \   000081   C285         CLR     0x80.5
   \   000083   43FD20       ORL     0xfd,#0x20
   \   000086   8003         SJMP    ??HalUARTOpenDMA_10
   \                     ??HalUARTOpenDMA_9:
   \   000088   75C402       MOV     0xc4,#0x2
   \                     ??HalUARTOpenDMA_10:
   \   00008B   9070C1       MOV     DPTR,#0x70c1
   \   00008E   E0           MOVX    A,@DPTR
   \   00008F   90....       MOV     DPTR,#dmaCfg
   \   000092   F0           MOVX    @DPTR,A
   \   000093   A3           INC     DPTR
   \   000094   E4           CLR     A
   \   000095   F0           MOVX    @DPTR,A
   \   000096   53D1F7       ANL     0xd1,#0xf7
   \   000099   75D608       MOV     0xd6,#0x8
   \   00009C                ; Setup parameters for call to function osal_memset
   \   00009C   FC           MOV     R4,A
   \   00009D   7D01         MOV     R5,#0x1
   \   00009F   E5C2         MOV     A,0xc2
   \   0000A1   F4           CPL     A
   \   0000A2   F9           MOV     R1,A
   \   0000A3   7A..         MOV     R2,#dmaCfg & 0xff
   \   0000A5   7B..         MOV     R3,#(dmaCfg >> 8) & 0xff
   \   0000A7   12....       LCALL   `??osal_memset::?relay`; Banked call to: osal_memset
   \   0000AA   438640       ORL     0x86,#0x40
   \   0000AD   90....       MOV     DPTR,#dmaCfg + 523
   \   0000B0   E4           CLR     A
   \   0000B1   F0           MOVX    @DPTR,A
   \   0000B2   90....       MOV     DPTR,#dmaCfg + 522
   \   0000B5   02....       LJMP    ?Subroutine0 & 0xFFFF
   \   0000B8                REQUIRE U0BAUD
   \   0000B8                REQUIRE U0GCR
   \   0000B8                REQUIRE U0UCR
   \   0000B8                REQUIRE P0SEL
   \   0000B8                REQUIRE _A_P0
   \   0000B8                REQUIRE P0DIR
   \   0000B8                REQUIRE DMAIRQ
   \   0000B8                REQUIRE DMAARM
   \   0000B8                REQUIRE U0CSR

   \                                 In  segment BANKED_CODE, align 1, keep-with-next
   \   static __banked_func __xdata_reentrant uint16 HalUARTReadDMA(unsigned char *, uint16)
   \                     HalUARTReadDMA:
   \   000000                REQUIRE ?V0
   \   000000                REQUIRE ?V1
   \   000000   74F6         MOV     A,#-0xa
   \   000002   12....       LCALL   ?BANKED_ENTER_XDATA
   \   000005                ; Saved register size: 10
   \   000005                ; Auto size: 0
   \   000005   7800         MOV     R0,#0x0
   \   000007   7900         MOV     R1,#0x0
   \   000009   802C         SJMP    ??HalUARTReadDMA_0
   \                     ??HalUARTReadDMA_1:
   \   00000B   8A82         MOV     DPL,R2
   \   00000D   8B83         MOV     DPH,R3
   \   00000F   E5..         MOV     A,?V0
   \   000011   F0           MOVX    @DPTR,A
   \   000012   A3           INC     DPTR
   \   000013   AA82         MOV     R2,DPL
   \   000015   AB83         MOV     R3,DPH
   \   000017   E5C2         MOV     A,0xc2
   \   000019   F4           CPL     A
   \   00001A   F5..         MOV     ?V1,A
   \   00001C   12....       LCALL   ?Subroutine6 & 0xFFFF
   \                     ??CrossCallReturnLabel_6:
   \   00001F   E4           CLR     A
   \   000020   F0           MOVX    @DPTR,A
   \   000021   A3           INC     DPTR
   \   000022   E5..         MOV     A,?V1
   \   000024   F0           MOVX    @DPTR,A
   \   000025   90....       MOV     DPTR,#dmaCfg + 256
   \   000028   E0           MOVX    A,@DPTR
   \   000029   04           INC     A
   \   00002A   F0           MOVX    @DPTR,A
   \   00002B   C3           CLR     C
   \   00002C   9480         SUBB    A,#-0x80
   \   00002E   4002         JC      ??HalUARTReadDMA_2
   \   000030   E4           CLR     A
   \   000031   F0           MOVX    @DPTR,A
   \                     ??HalUARTReadDMA_2:
   \   000032   08           INC     R0
   \   000033   E8           MOV     A,R0
   \   000034   7001         JNZ     ??HalUARTReadDMA_0
   \   000036   09           INC     R1
   \                     ??HalUARTReadDMA_0:
   \   000037   C3           CLR     C
   \   000038   E8           MOV     A,R0
   \   000039   9C           SUBB    A,R4
   \   00003A   E9           MOV     A,R1
   \   00003B   9D           SUBB    A,R5
   \   00003C   500C         JNC     ??HalUARTReadDMA_3
   \   00003E   12....       LCALL   ?Subroutine6 & 0xFFFF
   \                     ??CrossCallReturnLabel_7:
   \   000041   E0           MOVX    A,@DPTR
   \   000042   F5..         MOV     ?V0,A
   \   000044   A3           INC     DPTR
   \   000045   E0           MOVX    A,@DPTR
   \   000046   65C2         XRL     A,0xc2
   \   000048   60C1         JZ      ??HalUARTReadDMA_1
   \                     ??HalUARTReadDMA_3:
   \   00004A   C285         CLR     0x80.5
   \   00004C   E8           MOV     A,R0
   \   00004D   FA           MOV     R2,A
   \   00004E   E9           MOV     A,R1
   \   00004F   FB           MOV     R3,A
   \   000050                REQUIRE ?Subroutine1
   \   000050                REQUIRE U0BAUD
   \   000050                REQUIRE _A_P0
   \   000050                ; // Fall through to label ?Subroutine1

   \                                 In  segment BANKED_CODE, align 1, keep-with-next
   \                     ?Subroutine1:
   \   000000   7F02         MOV     R7,#0x2
   \   000002   02....       LJMP    ?BANKED_LEAVE_XDATA

   \                                 In  segment BANKED_CODE, align 1, keep-with-next
   \                     ?Subroutine6:
   \   000000   90....       MOV     DPTR,#dmaCfg + 256
   \   000003   E0           MOVX    A,@DPTR
   \   000004   25E0         ADD     A,0xE0 /* A   */
   \   000006   FE           MOV     R6,A
   \   000007   E4           CLR     A
   \   000008   33           RLC     A
   \   000009   FF           MOV     R7,A
   \   00000A   74..         MOV     A,#dmaCfg & 0xff
   \   00000C   2E           ADD     A,R6
   \   00000D   F582         MOV     DPL,A
   \   00000F   74..         MOV     A,#(dmaCfg >> 8) & 0xff
   \   000011   3F           ADDC    A,R7
   \   000012   F583         MOV     DPH,A
   \   000014   22           RET

   \                                 In  segment BANKED_CODE, align 1, keep-with-next
   \   static __banked_func __xdata_reentrant uint16 HalUARTWriteDMA(unsigned char *, uint16)
   \                     HalUARTWriteDMA:
   \   000000                REQUIRE ?V0
   \   000000                REQUIRE ?V1
   \   000000                REQUIRE ?V2
   \   000000                REQUIRE ?V3
   \   000000                REQUIRE ?V4
   \   000000                REQUIRE ?V5
   \   000000                REQUIRE ?V6
   \   000000                REQUIRE ?V7
   \   000000   74F0         MOV     A,#-0x10
   \   000002   12....       LCALL   ?BANKED_ENTER_XDATA
   \   000005                ; Saved register size: 16
   \   000005                ; Auto size: 0
   \   000005   EA           MOV     A,R2
   \   000006   FE           MOV     R6,A
   \   000007   EB           MOV     A,R3
   \   000008   FF           MOV     R7,A
   \   000009   12....       LCALL   ?Subroutine7 & 0xFFFF
   \                     ??CrossCallReturnLabel_17:
   \   00000C   F8           MOV     R0,A
   \   00000D   EC           MOV     A,R4
   \   00000E   28           ADD     A,R0
   \   00000F   F8           MOV     R0,A
   \   000010   E4           CLR     A
   \   000011   3D           ADDC    A,R5
   \   000012   F9           MOV     R1,A
   \   000013   C3           CLR     C
   \   000014   E8           MOV     A,R0
   \   000015   9481         SUBB    A,#-0x7f
   \   000017   E9           MOV     A,R1
   \   000018   9400         SUBB    A,#0x0
   \   00001A   4007         JC      ??HalUARTWriteDMA_0
   \   00001C   7A00         MOV     R2,#0x0
   \   00001E   7B00         MOV     R3,#0x0
   \   000020   02....       LJMP    ??HalUARTWriteDMA_1 & 0xFFFF
   \                     ??HalUARTWriteDMA_0:
   \   000023   AAA8         MOV     R2,0xa8+0x0
   \   000025   C2AF         CLR     0xa8.7
   \   000027   90....       MOV     DPTR,#dmaCfg + 518
   \   00002A   E0           MOVX    A,@DPTR
   \   00002B   F5..         MOV     ?V2,A
   \   00002D   F5..         MOV     ?V4,A
   \   00002F   75..00       MOV     ?V5,#0x0
   \   000032   12....       LCALL   ?Subroutine10 & 0xFFFF
   \                     ??CrossCallReturnLabel_12:
   \   000035   EA           MOV     A,R2
   \   000036   A2E7         MOV     C,0xE0 /* A   */.7
   \   000038   E4           CLR     A
   \   000039   33           RLC     A
   \   00003A   F8           MOV     R0,A
   \   00003B   EA           MOV     A,R2
   \   00003C   A2E7         MOV     C,0xE0 /* A   */.7
   \   00003E   92AF         MOV     0xa8.7,C
   \   000040   7A00         MOV     R2,#0x0
   \   000042   7B00         MOV     R3,#0x0
   \   000044   801E         SJMP    ??HalUARTWriteDMA_2
   \                     ??HalUARTWriteDMA_3:
   \   000046   12....       LCALL   ?Subroutine11 & 0xFFFF
   \                     ??CrossCallReturnLabel_14:
   \   000049   C0E0         PUSH    A
   \   00004B   85....       MOV     ?V0,?V4
   \   00004E   85....       MOV     ?V1,?V5
   \   000051   7407         MOV     A,#0x7
   \   000053   78..         MOV     R0,#?V0
   \   000055   12....       LCALL   ?S_SHL
   \   000058   12....       LCALL   ?Subroutine9 & 0xFFFF
   \                     ??CrossCallReturnLabel_10:
   \   00005B   D0E0         POP     A
   \   00005D   F0           MOVX    @DPTR,A
   \   00005E   09           INC     R1
   \   00005F   0A           INC     R2
   \   000060   EA           MOV     A,R2
   \   000061   7001         JNZ     ??HalUARTWriteDMA_2
   \   000063   0B           INC     R3
   \                     ??HalUARTWriteDMA_2:
   \   000064   C3           CLR     C
   \   000065   EA           MOV     A,R2
   \   000066   9C           SUBB    A,R4
   \   000067   EB           MOV     A,R3
   \   000068   9D           SUBB    A,R5
   \   000069   40DB         JC      ??HalUARTWriteDMA_3
   \   00006B   A2AF         MOV     C,0xa8.7
   \   00006D   E4           CLR     A
   \   00006E   33           RLC     A
   \   00006F   F5..         MOV     ?V0,A
   \   000071   C2AF         CLR     0xa8.7
   \   000073   90....       MOV     DPTR,#dmaCfg + 518
   \   000076   E0           MOVX    A,@DPTR
   \   000077   65..         XRL     A,?V2
   \   000079   6041         JZ      ??HalUARTWriteDMA_4
   \   00007B   E5..         MOV     A,?V0
   \   00007D   A2E0         MOV     C,0xE0 /* A   */.0
   \   00007F   92AF         MOV     0xa8.7,C
   \   000081   E0           MOVX    A,@DPTR
   \   000082   F5..         MOV     ?V2,A
   \   000084   F5..         MOV     ?V4,A
   \   000086   12....       LCALL   ?Subroutine10 & 0xFFFF
   \                     ??CrossCallReturnLabel_13:
   \   000089   7A00         MOV     R2,#0x0
   \   00008B   7B00         MOV     R3,#0x0
   \   00008D   801E         SJMP    ??HalUARTWriteDMA_5
   \                     ??HalUARTWriteDMA_6:
   \   00008F   12....       LCALL   ?Subroutine11 & 0xFFFF
   \                     ??CrossCallReturnLabel_15:
   \   000092   C0E0         PUSH    A
   \   000094   85....       MOV     ?V0,?V4
   \   000097   85....       MOV     ?V1,?V5
   \   00009A   7407         MOV     A,#0x7
   \   00009C   78..         MOV     R0,#?V0
   \   00009E   12....       LCALL   ?S_SHL
   \   0000A1   12....       LCALL   ?Subroutine9 & 0xFFFF
   \                     ??CrossCallReturnLabel_11:
   \   0000A4   D0E0         POP     A
   \   0000A6   F0           MOVX    @DPTR,A
   \   0000A7   09           INC     R1
   \   0000A8   0A           INC     R2
   \   0000A9   EA           MOV     A,R2
   \   0000AA   7001         JNZ     ??HalUARTWriteDMA_5
   \   0000AC   0B           INC     R3
   \                     ??HalUARTWriteDMA_5:
   \   0000AD   C3           CLR     C
   \   0000AE   EA           MOV     A,R2
   \   0000AF   9C           SUBB    A,R4
   \   0000B0   EB           MOV     A,R3
   \   0000B1   9D           SUBB    A,R5
   \   0000B2   40DB         JC      ??HalUARTWriteDMA_6
   \   0000B4   A2AF         MOV     C,0xa8.7
   \   0000B6   E4           CLR     A
   \   0000B7   33           RLC     A
   \   0000B8   F5..         MOV     ?V0,A
   \   0000BA   C2AF         CLR     0xa8.7
   \                     ??HalUARTWriteDMA_4:
   \   0000BC   A8..         MOV     R0,?V2
   \   0000BE   12....       LCALL   ?Subroutine8 & 0xFFFF
   \                     ??CrossCallReturnLabel_8:
   \   0000C1   E9           MOV     A,R1
   \   0000C2   F0           MOVX    @DPTR,A
   \   0000C3   7401         MOV     A,#0x1
   \   0000C5   65..         XRL     A,?V2
   \   0000C7   12....       LCALL   ??Subroutine14_0 & 0xFFFF
   \                     ??CrossCallReturnLabel_16:
   \   0000CA   7006         JNZ     ??HalUARTWriteDMA_7
   \   0000CC   90....       MOV     DPTR,#dmaCfg + 523
   \   0000CF   7401         MOV     A,#0x1
   \   0000D1   F0           MOVX    @DPTR,A
   \                     ??HalUARTWriteDMA_7:
   \   0000D2   E5..         MOV     A,?V0
   \   0000D4   A2E0         MOV     C,0xE0 /* A   */.0
   \   0000D6   92AF         MOV     0xa8.7,C
   \                     ??HalUARTWriteDMA_1:
   \   0000D8   7F08         MOV     R7,#0x8
   \   0000DA   02....       LJMP    ?BANKED_LEAVE_XDATA
   \   0000DD                REQUIRE _A_IEN0

   \                                 In  segment BANKED_CODE, align 1, keep-with-next
   \                     ?Subroutine11:
   \   000000   EE           MOV     A,R6
   \   000001   2A           ADD     A,R2
   \   000002   F582         MOV     DPL,A
   \   000004   EF           MOV     A,R7
   \   000005   3B           ADDC    A,R3
   \   000006   F583         MOV     DPH,A
   \   000008   E0           MOVX    A,@DPTR
   \   000009   22           RET

   \                                 In  segment BANKED_CODE, align 1, keep-with-next
   \                     ?Subroutine10:
   \   000000   74..         MOV     A,#(dmaCfg + 4) & 0xff
   \   000002   25..         ADD     A,?V4
   \   000004   F582         MOV     DPL,A
   \   000006   E4           CLR     A
   \   000007   34..         ADDC    A,#((dmaCfg + 516) >> 8) & 0xff
   \   000009   F583         MOV     DPH,A
   \   00000B   E0           MOVX    A,@DPTR
   \   00000C   F9           MOV     R1,A
   \   00000D   22           RET

   \                                 In  segment BANKED_CODE, align 1, keep-with-next
   \                     ?Subroutine9:
   \   000000   74..         MOV     A,#(dmaCfg + 4) & 0xff
   \   000002   29           ADD     A,R1
   \   000003   F5..         MOV     ?V6,A
   \   000005   E4           CLR     A
   \   000006   34..         ADDC    A,#((dmaCfg + 260) >> 8) & 0xff
   \   000008   F5..         MOV     ?V7,A
   \   00000A   E5..         MOV     A,?V6
   \   00000C   25..         ADD     A,?V0
   \   00000E   F582         MOV     DPL,A
   \   000010   E5..         MOV     A,?V7
   \   000012   35..         ADDC    A,?V1
   \   000014   F583         MOV     DPH,A
   \   000016   22           RET

   \                                 In  segment BANKED_CODE, align 1, keep-with-next
   \                     ?Subroutine7:
   \   000000   90....       MOV     DPTR,#dmaCfg + 518
   \   000003   E0           MOVX    A,@DPTR
   \   000004                REQUIRE ??Subroutine14_0
   \   000004                ; // Fall through to label ??Subroutine14_0

   \                                 In  segment BANKED_CODE, align 1, keep-with-next
   \                     ??Subroutine14_0:
   \   000000   12....       LCALL   ?Subroutine12 & 0xFFFF
   \                     ??CrossCallReturnLabel_20:
   \   000003   22           RET

   \                                 In  segment BANKED_CODE, align 1, keep-with-next
   \                     ?Subroutine8:
   \   000000   12....       LCALL   ?Subroutine13 & 0xFFFF
   \                     ??CrossCallReturnLabel_21:
   \   000003   22           RET

   \                                 In  segment BANKED_CODE, align 1, keep-with-next
   \                     ?Subroutine13:
   \   000000   74..         MOV     A,#(dmaCfg + 4) & 0xff
   \   000002   28           ADD     A,R0
   \   000003   F582         MOV     DPL,A
   \   000005   E4           CLR     A
   \   000006   34..         ADDC    A,#((dmaCfg + 516) >> 8) & 0xff
   \   000008   F583         MOV     DPH,A
   \   00000A   22           RET

   \                                 In  segment BANKED_CODE, align 1, keep-with-next
   \                     ?Subroutine12:
   \   000000   F8           MOV     R0,A
   \   000001   12....       LCALL   ?Subroutine13 & 0xFFFF
   \                     ??CrossCallReturnLabel_22:
   \   000004   E0           MOVX    A,@DPTR
   \   000005   22           RET

   \                                 In  segment BANKED_CODE, align 1, keep-with-next
   \   static __banked_func __xdata_reentrant void HalUARTPollDMA(void)
   \                     HalUARTPollDMA:
   \   000000                REQUIRE ?V0
   \   000000                REQUIRE ?V1
   \   000000   74F6         MOV     A,#-0xa
   \   000002   12....       LCALL   ?BANKED_ENTER_XDATA
   \   000005                ; Saved register size: 10
   \   000005                ; Auto size: 0
   \   000005   7E00         MOV     R6,#0x0
   \   000007   90....       MOV     DPTR,#dmaCfg + 256
   \   00000A   E0           MOVX    A,@DPTR
   \   00000B   FC           MOV     R4,A
   \   00000C   12....       LCALL   ?Subroutine5 & 0xFFFF
   \                     ??CrossCallReturnLabel_4:
   \   00000F   6003         JZ      $+5
   \   000011   02....       LJMP    ??HalUARTPollDMA_0 & 0xFFFF
   \   000014   EC           MOV     A,R4
   \   000015   F8           MOV     R0,A
   \   000016   7900         MOV     R1,#0x0
   \                     ??HalUARTPollDMA_1:
   \   000018   E8           MOV     A,R0
   \   000019   FA           MOV     R2,A
   \   00001A   E9           MOV     A,R1
   \   00001B   FB           MOV     R3,A
   \   00001C   EA           MOV     A,R2
   \   00001D   2A           ADD     A,R2
   \   00001E   FA           MOV     R2,A
   \   00001F   EB           MOV     A,R3
   \   000020   33           RLC     A
   \   000021   FB           MOV     R3,A
   \   000022   74..         MOV     A,#dmaCfg & 0xff
   \   000024   2A           ADD     A,R2
   \   000025   F582         MOV     DPL,A
   \   000027   74..         MOV     A,#(dmaCfg >> 8) & 0xff
   \   000029   3B           ADDC    A,R3
   \   00002A   F583         MOV     DPH,A
   \   00002C   A3           INC     DPTR
   \   00002D   E0           MOVX    A,@DPTR
   \   00002E   65C2         XRL     A,0xc2
   \   000030   7016         JNZ     ??HalUARTPollDMA_2
   \   000032   08           INC     R0
   \   000033   E8           MOV     A,R0
   \   000034   7001         JNZ     ??HalUARTPollDMA_3
   \   000036   09           INC     R1
   \                     ??HalUARTPollDMA_3:
   \   000037   C3           CLR     C
   \   000038   9480         SUBB    A,#-0x80
   \   00003A   E9           MOV     A,R1
   \   00003B   9400         SUBB    A,#0x0
   \   00003D   4004         JC      ??HalUARTPollDMA_4
   \   00003F   7800         MOV     R0,#0x0
   \   000041   7900         MOV     R1,#0x0
   \                     ??HalUARTPollDMA_4:
   \   000043   EC           MOV     A,R4
   \   000044   68           XRL     A,R0
   \   000045   49           ORL     A,R1
   \   000046   70D0         JNZ     ??HalUARTPollDMA_1
   \                     ??HalUARTPollDMA_2:
   \   000048   90....       MOV     DPTR,#dmaCfg + 257
   \   00004B   E0           MOVX    A,@DPTR
   \   00004C   FA           MOV     R2,A
   \   00004D   E8           MOV     A,R0
   \   00004E   6A           XRL     A,R2
   \   00004F   7001         JNZ     ??HalUARTPollDMA_5
   \   000051   E9           MOV     A,R1
   \                     ??HalUARTPollDMA_5:
   \   000052   6011         JZ      ??HalUARTPollDMA_6
   \   000054   E8           MOV     A,R0
   \   000055   F0           MOVX    @DPTR,A
   \   000056   A3           INC     DPTR
   \   000057   E0           MOVX    A,@DPTR
   \   000058   7004         JNZ     ??HalUARTPollDMA_7
   \   00005A   E595         MOV     A,0x95
   \   00005C   A3           INC     DPTR
   \   00005D   F0           MOVX    @DPTR,A
   \                     ??HalUARTPollDMA_7:
   \   00005E   90....       MOV     DPTR,#dmaCfg + 258
   \   000061   74C6         MOV     A,#-0x3a
   \   000063   801E         SJMP    ??HalUARTPollDMA_8
   \                     ??HalUARTPollDMA_6:
   \   000065   A3           INC     DPTR
   \   000066   E0           MOVX    A,@DPTR
   \   000067   F9           MOV     R1,A
   \   000068   601A         JZ      ??HalUARTPollDMA_9
   \   00006A   A3           INC     DPTR
   \   00006B   E0           MOVX    A,@DPTR
   \   00006C   F8           MOV     R0,A
   \   00006D   E595         MOV     A,0x95
   \   00006F   C3           CLR     C
   \   000070   98           SUBB    A,R0
   \   000071   F8           MOV     R0,A
   \   000072   C3           CLR     C
   \   000073   99           SUBB    A,R1
   \   000074   90....       MOV     DPTR,#dmaCfg + 258
   \   000077   5009         JNC     ??HalUARTPollDMA_10
   \   000079   E0           MOVX    A,@DPTR
   \   00007A   C3           CLR     C
   \   00007B   98           SUBB    A,R0
   \   00007C   F0           MOVX    @DPTR,A
   \   00007D   E595         MOV     A,0x95
   \   00007F   A3           INC     DPTR
   \   000080   8001         SJMP    ??HalUARTPollDMA_8
   \                     ??HalUARTPollDMA_10:
   \   000082   E4           CLR     A
   \                     ??HalUARTPollDMA_8:
   \   000083   F0           MOVX    @DPTR,A
   \                     ??HalUARTPollDMA_9:
   \   000084                ; Setup parameters for call to function HalUARTRxAvailDMA
   \   000084   12....       LCALL   `??HalUARTRxAvailDMA::?relay`; Banked call to: HalUARTRxAvailDMA
   \   000087   8A..         MOV     ?V0,R2
   \   000089   8B..         MOV     ?V1,R3
   \   00008B   A8..         MOV     R0,?V0
   \   00008D   A9..         MOV     R1,?V1
   \   00008F   C3           CLR     C
   \   000090   E8           MOV     A,R0
   \   000091   9470         SUBB    A,#0x70
   \   000093   E9           MOV     A,R1
   \   000094   9400         SUBB    A,#0x0
   \   000096   400B         JC      ??HalUARTPollDMA_11
   \   000098   7E01         MOV     R6,#0x1
   \   00009A   8022         SJMP    ??HalUARTPollDMA_12
   \                     ??HalUARTPollDMA_0:
   \   00009C   90....       MOV     DPTR,#dmaCfg + 258
   \   00009F   E4           CLR     A
   \   0000A0   F0           MOVX    @DPTR,A
   \   0000A1   801B         SJMP    ??HalUARTPollDMA_12
   \                     ??HalUARTPollDMA_11:
   \   0000A3   C3           CLR     C
   \   0000A4   E8           MOV     A,R0
   \   0000A5   9440         SUBB    A,#0x40
   \   0000A7   E9           MOV     A,R1
   \   0000A8   9400         SUBB    A,#0x0
   \   0000AA   4006         JC      ??HalUARTPollDMA_13
   \   0000AC   7E02         MOV     R6,#0x2
   \   0000AE   D285         SETB    0x80.5
   \   0000B0   800C         SJMP    ??HalUARTPollDMA_12
   \                     ??HalUARTPollDMA_13:
   \   0000B2   E8           MOV     A,R0
   \   0000B3   49           ORL     A,R1
   \   0000B4   6008         JZ      ??HalUARTPollDMA_12
   \   0000B6   90....       MOV     DPTR,#dmaCfg + 258
   \   0000B9   E0           MOVX    A,@DPTR
   \   0000BA   7002         JNZ     ??HalUARTPollDMA_12
   \   0000BC   7E04         MOV     R6,#0x4
   \                     ??HalUARTPollDMA_12:
   \   0000BE   90....       MOV     DPTR,#dmaCfg + 519
   \   0000C1   E0           MOVX    A,@DPTR
   \   0000C2   6006         JZ      ??HalUARTPollDMA_14
   \   0000C4   E4           CLR     A
   \   0000C5   F0           MOVX    @DPTR,A
   \   0000C6   EE           MOV     A,R6
   \   0000C7   D2E4         SETB    0xE0 /* A   */.4
   \   0000C9   FE           MOV     R6,A
   \                     ??HalUARTPollDMA_14:
   \   0000CA   90....       MOV     DPTR,#dmaCfg + 522
   \   0000CD   E0           MOVX    A,@DPTR
   \   0000CE   6018         JZ      ??HalUARTPollDMA_15
   \   0000D0   A895         MOV     R0,0x95+0x0
   \   0000D2   90....       MOV     DPTR,#dmaCfg + 521
   \   0000D5   E0           MOVX    A,@DPTR
   \   0000D6   F9           MOV     R1,A
   \   0000D7   E8           MOV     A,R0
   \   0000D8   C3           CLR     C
   \   0000D9   99           SUBB    A,R1
   \   0000DA   F8           MOV     R0,A
   \   0000DB   90....       MOV     DPTR,#dmaCfg + 520
   \   0000DE   E0           MOVX    A,@DPTR
   \   0000DF   C3           CLR     C
   \   0000E0   98           SUBB    A,R0
   \   0000E1   5005         JNC     ??HalUARTPollDMA_15
   \   0000E3   90....       MOV     DPTR,#dmaCfg + 522
   \   0000E6   E4           CLR     A
   \   0000E7   F0           MOVX    @DPTR,A
   \                     ??HalUARTPollDMA_15:
   \   0000E8   90....       MOV     DPTR,#dmaCfg + 523
   \   0000EB   E0           MOVX    A,@DPTR
   \   0000EC   6056         JZ      ??HalUARTPollDMA_16
   \   0000EE   90....       MOV     DPTR,#dmaCfg + 522
   \   0000F1   E0           MOVX    A,@DPTR
   \   0000F2   7050         JNZ     ??HalUARTPollDMA_16
   \   0000F4   A3           INC     DPTR
   \   0000F5   E4           CLR     A
   \   0000F6   12....       LCALL   ?Subroutine4 & 0xFFFF
   \                     ??CrossCallReturnLabel_2:
   \   0000F9   12....       LCALL   ?S_SHL
   \   0000FC   74..         MOV     A,#(dmaCfg + 4) & 0xff
   \   0000FE   25..         ADD     A,?V0
   \   000100   74..         MOV     A,#((dmaCfg + 260) >> 8) & 0xff
   \   000102   35..         ADDC    A,?V1
   \   000104   90....       MOV     DPTR,#dmaCh1234 + 24
   \   000107   12....       LCALL   ?Subroutine4 & 0xFFFF
   \                     ??CrossCallReturnLabel_3:
   \   00010A   12....       LCALL   ?S_SHL
   \   00010D   74..         MOV     A,#(dmaCfg + 4) & 0xff
   \   00010F   25..         ADD     A,?V0
   \   000111   90....       MOV     DPTR,#dmaCh1234 + 25
   \   000114   12....       LCALL   ?Subroutine3 & 0xFFFF
   \                     ??CrossCallReturnLabel_0:
   \   000117   90....       MOV     DPTR,#dmaCh1234 + 29
   \   00011A   F0           MOVX    @DPTR,A
   \   00011B   90....       MOV     DPTR,#dmaCh1234 + 28
   \   00011E   E0           MOVX    A,@DPTR
   \   00011F   54E0         ANL     A,#0xe0
   \   000121   F0           MOVX    @DPTR,A
   \   000122   90....       MOV     DPTR,#dmaCfg + 518
   \   000125   E0           MOVX    A,@DPTR
   \   000126   E0           MOVX    A,@DPTR
   \   000127   6401         XRL     A,#0x1
   \   000129   F0           MOVX    @DPTR,A
   \   00012A   A2AF         MOV     C,0xa8.7
   \   00012C   E4           CLR     A
   \   00012D   33           RLC     A
   \   00012E   F8           MOV     R0,A
   \   00012F   C2AF         CLR     0xa8.7
   \   000131   75D610       MOV     0xd6,#0x10
   \                     ??HalUARTPollDMA_17:
   \   000134   00           NOP
   \   000135   E5D6         MOV     A,0xd6
   \   000137   A2E4         MOV     C,0xE0 /* A   */.4
   \   000139   50F9         JNC     ??HalUARTPollDMA_17
   \   00013B   53D1EF       ANL     0xd1,#0xef
   \   00013E   75D710       MOV     0xd7,#0x10
   \   000141   E8           MOV     A,R0
   \   000142   8023         SJMP    ??HalUARTPollDMA_18
   \                     ??HalUARTPollDMA_16:
   \   000144   A2AF         MOV     C,0xa8.7
   \   000146   E4           CLR     A
   \   000147   33           RLC     A
   \   000148   FA           MOV     R2,A
   \   000149   C2AF         CLR     0xa8.7
   \   00014B   12....       LCALL   ?Subroutine7 & 0xFFFF
   \                     ??CrossCallReturnLabel_18:
   \   00014E   6016         JZ      ??HalUARTPollDMA_19
   \   000150   E5D6         MOV     A,0xd6
   \   000152   A2E4         MOV     C,0xE0 /* A   */.4
   \   000154   4010         JC      ??HalUARTPollDMA_19
   \   000156   E5D1         MOV     A,0xd1
   \   000158   A2E4         MOV     C,0xE0 /* A   */.4
   \   00015A   400A         JC      ??HalUARTPollDMA_19
   \   00015C   EA           MOV     A,R2
   \   00015D   A2E0         MOV     C,0xE0 /* A   */.0
   \   00015F   92AF         MOV     0xa8.7,C
   \   000161                ; Setup parameters for call to function HalUARTIsrDMA
   \   000161   12....       LCALL   `??HalUARTIsrDMA::?relay`; Banked call to: HalUARTIsrDMA
   \   000164   8005         SJMP    ??HalUARTPollDMA_20
   \                     ??HalUARTPollDMA_19:
   \   000166   EA           MOV     A,R2
   \                     ??HalUARTPollDMA_18:
   \   000167   A2E0         MOV     C,0xE0 /* A   */.0
   \   000169   92AF         MOV     0xa8.7,C
   \                     ??HalUARTPollDMA_20:
   \   00016B   EE           MOV     A,R6
   \   00016C   6019         JZ      ??HalUARTPollDMA_21
   \   00016E   90....       MOV     DPTR,#dmaCfg + 524
   \   000171   E0           MOVX    A,@DPTR
   \   000172   F8           MOV     R0,A
   \   000173   A3           INC     DPTR
   \   000174   E0           MOVX    A,@DPTR
   \   000175   F9           MOV     R1,A
   \   000176   8882         MOV     DPL,R0
   \   000178   8983         MOV     DPH,R1
   \   00017A   E582         MOV     A,DPL
   \   00017C   4583         ORL     A,DPH
   \   00017E   6007         JZ      ??HalUARTPollDMA_21
   \   000180                ; Setup parameters for indirect call
   \   000180   EE           MOV     A,R6
   \   000181   FA           MOV     R2,A
   \   000182   7900         MOV     R1,#0x0
   \   000184   12....       LCALL   ?CALL_IND
   \                     ??HalUARTPollDMA_21:
   \   000187   02....       LJMP    ?Subroutine1 & 0xFFFF
   \   00018A                REQUIRE U0BAUD
   \   00018A                REQUIRE ST0
   \   00018A                REQUIRE _A_P0
   \   00018A                REQUIRE _A_IEN0
   \   00018A                REQUIRE DMAARM
   \   00018A                REQUIRE DMAIRQ
   \   00018A                REQUIRE DMAREQ

   \                                 In  segment BANKED_CODE, align 1, keep-with-next
   \                     ?Subroutine4:
   \   000000   F0           MOVX    @DPTR,A
   \   000001   90....       MOV     DPTR,#dmaCfg + 518
   \   000004   E0           MOVX    A,@DPTR
   \   000005   F5..         MOV     ?V0,A
   \   000007   75..00       MOV     ?V1,#0x0
   \   00000A   7407         MOV     A,#0x7
   \   00000C   78..         MOV     R0,#?V0
   \   00000E   22           RET

   \                                 In  segment BANKED_CODE, align 1, keep-with-next
   \                     ?Subroutine5:
   \   000000   25E0         ADD     A,0xE0 /* A   */
   \   000002   F8           MOV     R0,A
   \   000003   E4           CLR     A
   \   000004   33           RLC     A
   \   000005   F9           MOV     R1,A
   \   000006   74..         MOV     A,#dmaCfg & 0xff
   \   000008   28           ADD     A,R0
   \   000009   F582         MOV     DPL,A
   \   00000B   74..         MOV     A,#(dmaCfg >> 8) & 0xff
   \   00000D   39           ADDC    A,R1
   \   00000E   F583         MOV     DPH,A
   \   000010   A3           INC     DPTR
   \   000011   E0           MOVX    A,@DPTR
   \   000012   65C2         XRL     A,0xc2
   \   000014   22           RET

   \                                 In  segment BANKED_CODE, align 1, keep-with-next
   \                     ?Subroutine3:
   \   000000   F0           MOVX    @DPTR,A
   \   000001   90....       MOV     DPTR,#dmaCfg + 518
   \   000004   E0           MOVX    A,@DPTR
   \   000005   12....       LCALL   ?Subroutine12 & 0xFFFF
   \                     ??CrossCallReturnLabel_19:
   \   000008   22           RET

   \                                 In  segment BANKED_CODE, align 1, keep-with-next
   \   static __banked_func __xdata_reentrant uint16 HalUARTRxAvailDMA(void)
   \                     HalUARTRxAvailDMA:
   \   000000   C082         PUSH    DPL
   \   000002   C083         PUSH    DPH
   \   000004                ; Saved register size: 2
   \   000004                ; Auto size: 0
   \   000004   7A00         MOV     R2,#0x0
   \   000006   7B00         MOV     R3,#0x0
   \   000008   90....       MOV     DPTR,#dmaCfg + 256
   \   00000B   E0           MOVX    A,@DPTR
   \   00000C   12....       LCALL   ?Subroutine5 & 0xFFFF
   \                     ??CrossCallReturnLabel_5:
   \   00000F   7030         JNZ     ??HalUARTRxAvailDMA_0
   \   000011   7800         MOV     R0,#0x0
   \   000013   7900         MOV     R1,#0x0
   \                     ??HalUARTRxAvailDMA_1:
   \   000015   E8           MOV     A,R0
   \   000016   FC           MOV     R4,A
   \   000017   E9           MOV     A,R1
   \   000018   FD           MOV     R5,A
   \   000019   EC           MOV     A,R4
   \   00001A   2C           ADD     A,R4
   \   00001B   FC           MOV     R4,A
   \   00001C   ED           MOV     A,R5
   \   00001D   33           RLC     A
   \   00001E   FD           MOV     R5,A
   \   00001F   74..         MOV     A,#dmaCfg & 0xff
   \   000021   2C           ADD     A,R4
   \   000022   F582         MOV     DPL,A
   \   000024   74..         MOV     A,#(dmaCfg >> 8) & 0xff
   \   000026   3D           ADDC    A,R5
   \   000027   F583         MOV     DPH,A
   \   000029   A3           INC     DPTR
   \   00002A   E0           MOVX    A,@DPTR
   \   00002B   65C2         XRL     A,0xc2
   \   00002D   7005         JNZ     ??HalUARTRxAvailDMA_2
   \   00002F   0A           INC     R2
   \   000030   EA           MOV     A,R2
   \   000031   7001         JNZ     ??HalUARTRxAvailDMA_2
   \   000033   0B           INC     R3
   \                     ??HalUARTRxAvailDMA_2:
   \   000034   08           INC     R0
   \   000035   E8           MOV     A,R0
   \   000036   7001         JNZ     ??HalUARTRxAvailDMA_3
   \   000038   09           INC     R1
   \                     ??HalUARTRxAvailDMA_3:
   \   000039   C3           CLR     C
   \   00003A   9480         SUBB    A,#-0x80
   \   00003C   E9           MOV     A,R1
   \   00003D   9400         SUBB    A,#0x0
   \   00003F   40D4         JC      ??HalUARTRxAvailDMA_1
   \                     ??HalUARTRxAvailDMA_0:
   \   000041   80..         SJMP    ??Subroutine15_0
   \   000043                REQUIRE U0BAUD

   \                                 In  segment BANKED_CODE, align 1, keep-with-next
   \   __banked_func __xdata_reentrant void HalUARTIsrDMA(void)
   \                     HalUARTIsrDMA:
   \   000000   C082         PUSH    DPL
   \   000002   C083         PUSH    DPH
   \   000004                ; Saved register size: 2
   \   000004                ; Auto size: 0
   \   000004   53D1EF       ANL     0xd1,#0xef
   \   000007   90....       MOV     DPTR,#dmaCfg + 518
   \   00000A   E0           MOVX    A,@DPTR
   \   00000B   6401         XRL     A,#0x1
   \   00000D   F8           MOV     R0,A
   \   00000E   12....       LCALL   ?Subroutine8 & 0xFFFF
   \                     ??CrossCallReturnLabel_9:
   \   000011   E4           CLR     A
   \   000012   F0           MOVX    @DPTR,A
   \   000013   90....       MOV     DPTR,#dmaCfg + 519
   \   000016   04           INC     A
   \   000017   F0           MOVX    @DPTR,A
   \   000018   E595         MOV     A,0x95
   \   00001A   90....       MOV     DPTR,#dmaCfg + 521
   \   00001D   F0           MOVX    @DPTR,A
   \   00001E   A3           INC     DPTR
   \   00001F   7401         MOV     A,#0x1
   \   000021   12....       LCALL   ?Subroutine3 & 0xFFFF
   \                     ??CrossCallReturnLabel_1:
   \   000024   6006         JZ      ??HalUARTIsrDMA_0
   \   000026   90....       MOV     DPTR,#dmaCfg + 523
   \   000029   7401         MOV     A,#0x1
   \   00002B   F0           MOVX    @DPTR,A
   \                     ??HalUARTIsrDMA_0:
   \   00002C   80..         SJMP    ??Subroutine15_0
   \   00002E                REQUIRE DMAIRQ
   \   00002E                REQUIRE ST0
     79          #endif
     80          #if HAL_UART_ISR
     81          #include "_hal_uart_isr.c"
     82          #endif
     83          #if HAL_UART_USB
     84          #include "_hal_uart_usb.c"
     85          #endif
     86          
     87          /******************************************************************************
     88           * @fn      HalUARTInit
     89           *
     90           * @brief   Initialize the UART
     91           *
     92           * @param   none
     93           *
     94           * @return  none
     95           *****************************************************************************/

   \                                 In  segment BANKED_CODE, align 1, keep-with-next
     96          void HalUARTInit(void)
   \                     HalUARTInit:
     97          {
   \   000000   C082         PUSH    DPL
   \   000002   C083         PUSH    DPH
   \   000004                ; Saved register size: 2
   \   000004                ; Auto size: 0
     98          #if HAL_UART_DMA
     99            HalUARTInitDMA();
   \   000004                ; Setup parameters for call to function HalUARTInitDMA
   \   000004   12....       LCALL   `??HalUARTInitDMA::?relay`; Banked call to: HalUARTInitDMA
    100          #endif
    101          #if HAL_UART_ISR
    102            HalUARTInitISR();
    103          #endif
    104          #if HAL_UART_USB
    105            HalUARTInitUSB();
    106          #endif
    107          }
   \   000007   80..         SJMP    ??Subroutine15_0
    108          
    109          /******************************************************************************
    110           * @fn      HalUARTOpen
    111           *
    112           * @brief   Open a port according tp the configuration specified by parameter.
    113           *
    114           * @param   port   - UART port
    115           *          config - contains configuration information
    116           *
    117           * @return  Status of the function call
    118           *****************************************************************************/

   \                                 In  segment BANKED_CODE, align 1, keep-with-next
    119          uint8 HalUARTOpen(uint8 port, halUARTCfg_t *config)
   \                     HalUARTOpen:
    120          {
   \   000000   74F7         MOV     A,#-0x9
   \   000002   12....       LCALL   ?BANKED_ENTER_XDATA
   \   000005                ; Saved register size: 9
   \   000005                ; Auto size: 0
   \   000005   E9           MOV     A,R1
    121            (void)port;
    122            (void)config;
    123          
    124          #if (HAL_UART_DMA == 1)
    125            if (port == HAL_UART_PORT_0)  HalUARTOpenDMA(config);
   \   000006   7003         JNZ     ??HalUARTOpen_0
   \   000008                ; Setup parameters for call to function HalUARTOpenDMA
   \   000008   12....       LCALL   `??HalUARTOpenDMA::?relay`; Banked call to: HalUARTOpenDMA
    126          #endif
    127          #if (HAL_UART_DMA == 2)
    128            if (port == HAL_UART_PORT_1)  HalUARTOpenDMA(config);
    129          #endif
    130          #if (HAL_UART_ISR == 1)
    131            if (port == HAL_UART_PORT_0)  HalUARTOpenISR(config);
    132          #endif
    133          #if (HAL_UART_ISR == 2)
    134            if (port == HAL_UART_PORT_1)  HalUARTOpenISR(config);
    135          #endif
    136          #if (HAL_UART_USB)
    137            HalUARTOpenUSB(config);
    138          #endif
    139            
    140            return HAL_UART_SUCCESS;
   \                     ??HalUARTOpen_0:
   \   00000B   7900         MOV     R1,#0x0
   \   00000D   80..         SJMP    ?Subroutine2
    141          }

   \                                 In  segment BANKED_CODE, align 1, keep-with-next
   \                     ?Subroutine2:
   \   000000   7F01         MOV     R7,#0x1
   \   000002   02....       LJMP    ?BANKED_LEAVE_XDATA
    142          
    143          /*****************************************************************************
    144           * @fn      HalUARTRead
    145           *
    146           * @brief   Read a buffer from the UART
    147           *
    148           * @param   port - USART module designation
    149           *          buf  - valid data buffer at least 'len' bytes in size
    150           *          len  - max length number of bytes to copy to 'buf'
    151           *
    152           * @return  length of buffer that was read
    153           *****************************************************************************/

   \                                 In  segment BANKED_CODE, align 1, keep-with-next
    154          uint16 HalUARTRead(uint8 port, uint8 *buf, uint16 len)
   \                     HalUARTRead:
    155          {
   \   000000   74F7         MOV     A,#-0x9
   \   000002   12....       LCALL   ?BANKED_ENTER_XDATA
   \   000005                ; Saved register size: 9
   \   000005                ; Auto size: 0
   \   000005   E9           MOV     A,R1
    156            (void)port;
    157            (void)buf;
    158            (void)len;
    159          
    160          #if (HAL_UART_DMA == 1)
    161            if (port == HAL_UART_PORT_0)  return HalUARTReadDMA(buf, len);
   \   000006   7005         JNZ     ??HalUARTRead_0
   \   000008                ; Setup parameters for call to function HalUARTReadDMA
   \   000008   12....       LCALL   `??HalUARTReadDMA::?relay`; Banked call to: HalUARTReadDMA
   \   00000B   8004         SJMP    ??HalUARTRead_1
    162          #endif
    163          #if (HAL_UART_DMA == 2)
    164            if (port == HAL_UART_PORT_1)  return HalUARTReadDMA(buf, len);
    165          #endif
    166          #if (HAL_UART_ISR == 1)
    167            if (port == HAL_UART_PORT_0)  return HalUARTReadISR(buf, len);
    168          #endif
    169          #if (HAL_UART_ISR == 2)
    170            if (port == HAL_UART_PORT_1)  return HalUARTReadISR(buf, len);
    171          #endif
    172          
    173          #if HAL_UART_USB
    174            return HalUARTRx(buf, len);
    175          #else
    176            return 0;
   \                     ??HalUARTRead_0:
   \   00000D   7A00         MOV     R2,#0x0
   \   00000F   7B00         MOV     R3,#0x0
   \                     ??HalUARTRead_1:
   \   000011   80..         SJMP    ?Subroutine2
    177          #endif
    178          }
    179          
    180          /******************************************************************************
    181           * @fn      HalUARTWrite
    182           *
    183           * @brief   Write a buffer to the UART.
    184           *
    185           * @param   port - UART port
    186           *          buf  - pointer to the buffer that will be written, not freed
    187           *          len  - length of
    188           *
    189           * @return  length of the buffer that was sent
    190           *****************************************************************************/

   \                                 In  segment BANKED_CODE, align 1, keep-with-next
    191          uint16 HalUARTWrite(uint8 port, uint8 *buf, uint16 len)
   \                     HalUARTWrite:
    192          {
   \   000000   74F7         MOV     A,#-0x9
   \   000002   12....       LCALL   ?BANKED_ENTER_XDATA
   \   000005                ; Saved register size: 9
   \   000005                ; Auto size: 0
   \   000005   E9           MOV     A,R1
    193            (void)port;
    194            (void)buf;
    195            (void)len;
    196          
    197          #if (HAL_UART_DMA == 1)
    198            if (port == HAL_UART_PORT_0)  return HalUARTWriteDMA(buf, len);
   \   000006   7005         JNZ     ??HalUARTWrite_0
   \   000008                ; Setup parameters for call to function HalUARTWriteDMA
   \   000008   12....       LCALL   `??HalUARTWriteDMA::?relay`; Banked call to: HalUARTWriteDMA
   \   00000B   8004         SJMP    ??HalUARTWrite_1
    199          #endif
    200          #if (HAL_UART_DMA == 2)
    201            if (port == HAL_UART_PORT_1)  return HalUARTWriteDMA(buf, len);
    202          #endif
    203          #if (HAL_UART_ISR == 1)
    204            if (port == HAL_UART_PORT_0)  return HalUARTWriteISR(buf, len);
    205          #endif
    206          #if (HAL_UART_ISR == 2)
    207            if (port == HAL_UART_PORT_1)  return HalUARTWriteISR(buf, len);
    208          #endif
    209          
    210          #if HAL_UART_USB
    211            HalUARTTx(buf, len);
    212            return len;
    213          #else
    214            return 0;
   \                     ??HalUARTWrite_0:
   \   00000D   7A00         MOV     R2,#0x0
   \   00000F   7B00         MOV     R3,#0x0
   \                     ??HalUARTWrite_1:
   \   000011                REQUIRE ?Subroutine2
   \   000011                ; // Fall through to label ?Subroutine2
    215          #endif
    216          }
    217          
    218          /******************************************************************************
    219           * @fn      HalUARTSuspend
    220           *
    221           * @brief   Suspend UART hardware before entering PM mode 1, 2 or 3.
    222           *
    223           * @param   None
    224           *
    225           * @return  None
    226           *****************************************************************************/

   \                                 In  segment BANKED_CODE, align 1, keep-with-next
    227          void HalUARTSuspend( void )
   \                     HalUARTSuspend:
    228          {
   \   000000                ; Saved register size: 0
   \   000000                ; Auto size: 0
    229          #if HAL_UART_DMA
    230            HalUARTSuspendDMA();
   \   000000   5386BF       ANL     0x86,#0xbf
    231          #endif
    232          #if HAL_UART_ISR
    233            HalUARTSuspendISR();
    234          #endif
    235          }
   \   000003   02....       LJMP    ?BRET
   \   000006                REQUIRE U0CSR
    236          
    237          /******************************************************************************
    238           * @fn      HalUARTResume
    239           *
    240           * @brief   Resume UART hardware after exiting PM mode 1, 2 or 3.
    241           *
    242           * @param   None
    243           *
    244           * @return  None
    245           *****************************************************************************/

   \                                 In  segment BANKED_CODE, align 1, keep-with-next
    246          void HalUARTResume( void )
   \                     HalUARTResume:
    247          {
   \   000000                ; Saved register size: 0
   \   000000                ; Auto size: 0
    248          #if HAL_UART_DMA
    249            HalUARTResumeDMA();
   \   000000   43C480       ORL     0xc4,#0x80
   \   000003   438640       ORL     0x86,#0x40
    250          #endif
    251          #if HAL_UART_ISR
    252            HalUARTResumeISR();
    253          #endif
    254          }
   \   000006   02....       LJMP    ?BRET
   \   000009                REQUIRE U0UCR
   \   000009                REQUIRE U0CSR
    255          
    256          /***************************************************************************************************
    257           * @fn      HalUARTPoll
    258           *
    259           * @brief   Poll the UART.
    260           *
    261           * @param   none
    262           *
    263           * @return  none
    264           *****************************************************************************/

   \                                 In  segment BANKED_CODE, align 1, keep-with-next
    265          void HalUARTPoll(void)
   \                     HalUARTPoll:
    266          {
   \   000000   C082         PUSH    DPL
   \   000002   C083         PUSH    DPH
   \   000004                ; Saved register size: 2
   \   000004                ; Auto size: 0
    267          #if HAL_UART_DMA
    268            HalUARTPollDMA();
   \   000004                ; Setup parameters for call to function HalUARTPollDMA
   \   000004   12....       LCALL   `??HalUARTPollDMA::?relay`; Banked call to: HalUARTPollDMA
    269          #endif
    270          #if HAL_UART_ISR
    271            HalUARTPollISR();
    272          #endif
    273          #if HAL_UART_USB
    274            HalUARTPollUSB();
    275          #endif
    276          }
   \   000007   80..         SJMP    ??Subroutine15_0
    277          
    278          /**************************************************************************************************
    279           * @fn      Hal_UART_RxBufLen()
    280           *
    281           * @brief   Calculate Rx Buffer length - the number of bytes in the buffer.
    282           *
    283           * @param   port - UART port
    284           *
    285           * @return  length of current Rx Buffer
    286           **************************************************************************************************/

   \                                 In  segment BANKED_CODE, align 1, keep-with-next
    287          uint16 Hal_UART_RxBufLen( uint8 port )
   \                     Hal_UART_RxBufLen:
    288          {
   \   000000   74F7         MOV     A,#-0x9
   \   000002   12....       LCALL   ?BANKED_ENTER_XDATA
   \   000005                ; Saved register size: 9
   \   000005                ; Auto size: 0
   \   000005   E9           MOV     A,R1
    289            (void)port;
    290          
    291          #if (HAL_UART_DMA == 1)
    292            if (port == HAL_UART_PORT_0)  return HalUARTRxAvailDMA();
   \   000006   7005         JNZ     ??Hal_UART_RxBufLen_0
   \   000008                ; Setup parameters for call to function HalUARTRxAvailDMA
   \   000008   12....       LCALL   `??HalUARTRxAvailDMA::?relay`; Banked call to: HalUARTRxAvailDMA
   \   00000B   8004         SJMP    ??Hal_UART_RxBufLen_1
    293          #endif
    294          #if (HAL_UART_DMA == 2)
    295            if (port == HAL_UART_PORT_1)  return HalUARTRxAvailDMA();
    296          #endif
    297          #if (HAL_UART_ISR == 1)
    298            if (port == HAL_UART_PORT_0)  return HalUARTRxAvailISR();
    299          #endif
    300          #if (HAL_UART_ISR == 2)
    301            if (port == HAL_UART_PORT_1)  return HalUARTRxAvailISR();
    302          #endif
    303          #if HAL_UART_USB
    304            return HalUARTRxAvailUSB();
    305          #else
    306            return 0;
   \                     ??Hal_UART_RxBufLen_0:
   \   00000D   7A00         MOV     R2,#0x0
   \   00000F   7B00         MOV     R3,#0x0
   \                     ??Hal_UART_RxBufLen_1:
   \   000011   80..         SJMP    ?Subroutine2
    307          #endif
    308          }

   \                                 In  segment BANK_RELAYS, align 1
   \                     `??HalUARTInitDMA::?relay`:
   \   000000   12....       LCALL   ?BDISPATCH
   \   000003   ......       DC24    HalUARTInitDMA

   \                                 In  segment BANK_RELAYS, align 1
   \                     `??HalUARTOpenDMA::?relay`:
   \   000000   12....       LCALL   ?BDISPATCH
   \   000003   ......       DC24    HalUARTOpenDMA

   \                                 In  segment BANK_RELAYS, align 1
   \                     `??HalUARTReadDMA::?relay`:
   \   000000   12....       LCALL   ?BDISPATCH
   \   000003   ......       DC24    HalUARTReadDMA

   \                                 In  segment BANK_RELAYS, align 1
   \                     `??HalUARTWriteDMA::?relay`:
   \   000000   12....       LCALL   ?BDISPATCH
   \   000003   ......       DC24    HalUARTWriteDMA

   \                                 In  segment BANK_RELAYS, align 1
   \                     `??HalUARTPollDMA::?relay`:
   \   000000   12....       LCALL   ?BDISPATCH
   \   000003   ......       DC24    HalUARTPollDMA

   \                                 In  segment BANK_RELAYS, align 1
   \                     `??HalUARTRxAvailDMA::?relay`:
   \   000000   12....       LCALL   ?BDISPATCH
   \   000003   ......       DC24    HalUARTRxAvailDMA

   \                                 In  segment BANK_RELAYS, align 1
   \                     `??HalUARTIsrDMA::?relay`:
   \   000000   12....       LCALL   ?BDISPATCH
   \   000003   ......       DC24    HalUARTIsrDMA

   \                                 In  segment BANK_RELAYS, align 1
   \                     `??HalUARTInit::?relay`:
   \   000000   12....       LCALL   ?BDISPATCH
   \   000003   ......       DC24    HalUARTInit

   \                                 In  segment BANK_RELAYS, align 1
   \                     `??HalUARTOpen::?relay`:
   \   000000   12....       LCALL   ?BDISPATCH
   \   000003   ......       DC24    HalUARTOpen

   \                                 In  segment BANK_RELAYS, align 1
   \                     `??HalUARTRead::?relay`:
   \   000000   12....       LCALL   ?BDISPATCH
   \   000003   ......       DC24    HalUARTRead

   \                                 In  segment BANK_RELAYS, align 1
   \                     `??HalUARTWrite::?relay`:
   \   000000   12....       LCALL   ?BDISPATCH
   \   000003   ......       DC24    HalUARTWrite

   \                                 In  segment BANK_RELAYS, align 1
   \                     `??HalUARTSuspend::?relay`:
   \   000000   12....       LCALL   ?BDISPATCH
   \   000003   ......       DC24    HalUARTSuspend

   \                                 In  segment BANK_RELAYS, align 1
   \                     `??HalUARTResume::?relay`:
   \   000000   12....       LCALL   ?BDISPATCH
   \   000003   ......       DC24    HalUARTResume

   \                                 In  segment BANK_RELAYS, align 1
   \                     `??HalUARTPoll::?relay`:
   \   000000   12....       LCALL   ?BDISPATCH
   \   000003   ......       DC24    HalUARTPoll

   \                                 In  segment BANK_RELAYS, align 1
   \                     `??Hal_UART_RxBufLen::?relay`:
   \   000000   12....       LCALL   ?BDISPATCH
   \   000003   ......       DC24    Hal_UART_RxBufLen
    309          
    310          /******************************************************************************
    311          ******************************************************************************/

   Maximum stack usage in bytes:

   ISTACK XSTACK Function
   ------ ------ --------
      2      0   HalUARTInit
        2      0   -> HalUARTInitDMA
      2      0   HalUARTInitDMA
      2     10   HalUARTIsrDMA
      0      9   HalUARTOpen
        0      9   -> HalUARTOpenDMA
      2      9   HalUARTOpenDMA
        2      0   -> osal_memset
      2      0   HalUARTPoll
        2      0   -> HalUARTPollDMA
      0     10   HalUARTPollDMA
        0     10   -> HalUARTIsrDMA
        0     10   -> HalUARTRxAvailDMA
      0      9   HalUARTRead
        0      9   -> HalUARTReadDMA
      1     19   HalUARTReadDMA
      0      0   HalUARTResume
      2     10   HalUARTRxAvailDMA
      0      0   HalUARTSuspend
      0      9   HalUARTWrite
        0      9   -> HalUARTWriteDMA
      1     25   HalUARTWriteDMA
      0      9   Hal_UART_RxBufLen
        0      9   -> HalUARTRxAvailDMA


   Segment part sizes:

   Bytes  Function/Label
   -----  --------------
       4  ??Subroutine14_0
       7  ??Subroutine15_0
       1  ?Subroutine0
       5  ?Subroutine1
      14  ?Subroutine10
      10  ?Subroutine11
       6  ?Subroutine12
      11  ?Subroutine13
       5  ?Subroutine2
       9  ?Subroutine3
      15  ?Subroutine4
      21  ?Subroutine5
      21  ?Subroutine6
       4  ?Subroutine7
       4  ?Subroutine8
      23  ?Subroutine9
       1  ADCCFG
       1  DMAARM
       1  DMAIRQ
       1  DMAREQ
       9  HalUARTInit
       6  HalUARTInit::?relay
     110  HalUARTInitDMA
       6  HalUARTInitDMA::?relay
      46  HalUARTIsrDMA
       6  HalUARTIsrDMA::?relay
      15  HalUARTOpen
       6  HalUARTOpen::?relay
     184  HalUARTOpenDMA
       6  HalUARTOpenDMA::?relay
       9  HalUARTPoll
       6  HalUARTPoll::?relay
     394  HalUARTPollDMA
       6  HalUARTPollDMA::?relay
      19  HalUARTRead
       6  HalUARTRead::?relay
      80  HalUARTReadDMA
       6  HalUARTReadDMA::?relay
       9  HalUARTResume
       6  HalUARTResume::?relay
      67  HalUARTRxAvailDMA
       6  HalUARTRxAvailDMA::?relay
       6  HalUARTSuspend
       6  HalUARTSuspend::?relay
      17  HalUARTWrite
       6  HalUARTWrite::?relay
     221  HalUARTWriteDMA
       6  HalUARTWriteDMA::?relay
      19  Hal_UART_RxBufLen
       6  Hal_UART_RxBufLen::?relay
       1  P0DIR
       1  P0SEL
       1  P2DIR
       1  PERCFG
       1  ST0
       1  U0BAUD
       1  U0CSR
       1  U0GCR
       1  U0UCR
       1  _A_IEN0
       1  _A_P0
     526  dmaCfg

 
 1 365 bytes in segment BANKED_CODE
    90 bytes in segment BANK_RELAYS
    15 bytes in segment SFR_AN
   526 bytes in segment XDATA_Z
 
 1 455 bytes of CODE  memory
     0 bytes of DATA  memory (+ 15 bytes shared)
   526 bytes of XDATA memory

Errors: none
Warnings: 1
